[28-Oct-2022 19:34:19 UTC] PHP Warning:  PHP Startup: Unable to load dynamic library 'php_imagick.dll' (tried: C:/Users/romai/AppData/Local/Programs/Local/resources/extraResources/lightning-services/php-7.4.1+18/bin/win64/ext\php_imagick.dll (The specified module could not be found.), C:/Users/romai/AppData/Local/Programs/Local/resources/extraResources/lightning-services/php-7.4.1+18/bin/win64/ext\php_php_imagick.dll.dll (The specified module could not be found.)) in Unknown on line 0
[28-Oct-2022 19:34:19 UTC] PHP Warning:  PHP Startup: Unable to load dynamic library 'php_imagick.dll' (tried: C:/Users/romai/AppData/Local/Programs/Local/resources/extraResources/lightning-services/php-7.4.1+18/bin/win64/ext\php_imagick.dll (The specified module could not be found.), C:/Users/romai/AppData/Local/Programs/Local/resources/extraResources/lightning-services/php-7.4.1+18/bin/win64/ext\php_php_imagick.dll.dll (The specified module could not be found.)) in Unknown on line 0
[28-Oct-2022 19:34:19 UTC] PHP Warning:  PHP Startup: Unable to load dynamic library 'php_imagick.dll' (tried: C:/Users/romai/AppData/Local/Programs/Local/resources/extraResources/lightning-services/php-7.4.1+18/bin/win64/ext\php_imagick.dll (The specified module could not be found.), C:/Users/romai/AppData/Local/Programs/Local/resources/extraResources/lightning-services/php-7.4.1+18/bin/win64/ext\php_php_imagick.dll.dll (The specified module could not be found.)) in Unknown on line 0
[28-Oct-2022 19:34:19 UTC] PHP Warning:  PHP Startup: Unable to load dynamic library 'php_imagick.dll' (tried: C:/Users/romai/AppData/Local/Programs/Local/resources/extraResources/lightning-services/php-7.4.1+18/bin/win64/ext\php_imagick.dll (The specified module could not be found.), C:/Users/romai/AppData/Local/Programs/Local/resources/extraResources/lightning-services/php-7.4.1+18/bin/win64/ext\php_php_imagick.dll.dll (The specified module could not be found.)) in Unknown on line 0
[28-Oct-2022 19:41:50 UTC] PHP Warning:  PHP Startup: Unable to load dynamic library 'php_imagick.dll' (tried: C:/Users/romai/AppData/Local/Programs/Local/resources/extraResources/lightning-services/php-7.4.1+18/bin/win64/ext\php_imagick.dll (The specified module could not be found.), C:/Users/romai/AppData/Local/Programs/Local/resources/extraResources/lightning-services/php-7.4.1+18/bin/win64/ext\php_php_imagick.dll.dll (The specified module could not be found.)) in Unknown on line 0
[28-Oct-2022 19:41:50 UTC] PHP Warning:  PHP Startup: Unable to load dynamic library 'php_imagick.dll' (tried: C:/Users/romai/AppData/Local/Programs/Local/resources/extraResources/lightning-services/php-7.4.1+18/bin/win64/ext\php_imagick.dll (The specified module could not be found.), C:/Users/romai/AppData/Local/Programs/Local/resources/extraResources/lightning-services/php-7.4.1+18/bin/win64/ext\php_php_imagick.dll.dll (The specified module could not be found.)) in Unknown on line 0
[28-Oct-2022 19:41:50 UTC] PHP Warning:  PHP Startup: Unable to load dynamic library 'php_imagick.dll' (tried: C:/Users/romai/AppData/Local/Programs/Local/resources/extraResources/lightning-services/php-7.4.1+18/bin/win64/ext\php_imagick.dll (The specified module could not be found.), C:/Users/romai/AppData/Local/Programs/Local/resources/extraResources/lightning-services/php-7.4.1+18/bin/win64/ext\php_php_imagick.dll.dll (The specified module could not be found.)) in Unknown on line 0
[28-Oct-2022 19:41:51 UTC] PHP Warning:  PHP Startup: Unable to load dynamic library 'php_imagick.dll' (tried: C:/Users/romai/AppData/Local/Programs/Local/resources/extraResources/lightning-services/php-7.4.1+18/bin/win64/ext\php_imagick.dll (The specified module could not be found.), C:/Users/romai/AppData/Local/Programs/Local/resources/extraResources/lightning-services/php-7.4.1+18/bin/win64/ext\php_php_imagick.dll.dll (The specified module could not be found.)) in Unknown on line 0
[06-Nov-2022 21:04:56 UTC] PHP Warning:  Use of undefined constant SECURE_AUTH_KEY - assumed 'SECURE_AUTH_KEY' (this will throw an Error in a future version of PHP) in C:\Users\romai\Local Sites\planty\app\public\wp-content\plugins\royal-elementor-addons\freemius\includes\class-freemius.php on line 4061
[06-Nov-2022 21:04:56 UTC] PHP Stack trace:
[06-Nov-2022 21:04:56 UTC] PHP   1. {main}() C:\Users\romai\Local Sites\planty\app\public\wp-admin\plugins.php:0
[06-Nov-2022 21:04:56 UTC] PHP   2. activate_plugin() C:\Users\romai\Local Sites\planty\app\public\wp-admin\plugins.php:58
[06-Nov-2022 21:04:56 UTC] PHP   3. plugin_sandbox_scrape() C:\Users\romai\Local Sites\planty\app\public\wp-admin\includes\plugin.php:661
[06-Nov-2022 21:04:56 UTC] PHP   4. include_once() C:\Users\romai\Local Sites\planty\app\public\wp-admin\includes\plugin.php:2314
[06-Nov-2022 21:04:56 UTC] PHP   5. wpr_fs() C:\Users\romai\Local Sites\planty\app\public\wp-content\plugins\royal-elementor-addons\wpr-addons.php:78
[06-Nov-2022 21:04:56 UTC] PHP   6. fs_dynamic_init() C:\Users\romai\Local Sites\planty\app\public\wp-content\plugins\royal-elementor-addons\wpr-addons.php:54
[06-Nov-2022 21:04:56 UTC] PHP   7. Freemius->dynamic_init() C:\Users\romai\Local Sites\planty\app\public\wp-content\plugins\royal-elementor-addons\freemius\start.php:522
[06-Nov-2022 21:04:56 UTC] PHP   8. Freemius->has_api_connectivity() C:\Users\romai\Local Sites\planty\app\public\wp-content\plugins\royal-elementor-addons\freemius\includes\class-freemius.php:4818
[06-Nov-2022 21:04:56 UTC] PHP   9. Freemius->ping() C:\Users\romai\Local Sites\planty\app\public\wp-content\plugins\royal-elementor-addons\freemius\includes\class-freemius.php:3964
[06-Nov-2022 21:04:56 UTC] PHP  10. Freemius->get_anonymous_id() C:\Users\romai\Local Sites\planty\app\public\wp-content\plugins\royal-elementor-addons\freemius\includes\class-freemius.php:3912
[07-Nov-2022 13:20:25 UTC] PHP Warning:  Une erreur imprévue est survenue. Il pourrait y avoir un problème avec WordPress.org ou la configuration de ce serveur. Si vous continuez à rencontrer ce problème, veuillez vous rendre sur les <a href="https://wpfr.net/support">forums de support</a>. (WordPress n’a pas pu établir de connexion sécurisée vers WordPress.org. Veuillez contacter l’administrateur ou l’administratrice de votre serveur.) in C:\Users\romai\Local Sites\planty\app\public\wp-admin\includes\translation-install.php on line 68
[07-Nov-2022 13:20:25 UTC] PHP Stack trace:
[07-Nov-2022 13:20:25 UTC] PHP   1. {main}() C:\Users\romai\Local Sites\planty\app\public\wp-admin\profile.php:0
[07-Nov-2022 13:20:25 UTC] PHP   2. require_once() C:\Users\romai\Local Sites\planty\app\public\wp-admin\profile.php:18
[07-Nov-2022 13:20:25 UTC] PHP   3. wp_dropdown_languages() C:\Users\romai\Local Sites\planty\app\public\wp-admin\user-edit.php:367
[07-Nov-2022 13:20:25 UTC] PHP   4. wp_get_available_translations() C:\Users\romai\Local Sites\planty\app\public\wp-includes\l10n.php:1535
[07-Nov-2022 13:20:25 UTC] PHP   5. translations_api() C:\Users\romai\Local Sites\planty\app\public\wp-admin\includes\translation-install.php:133
[07-Nov-2022 13:20:25 UTC] PHP   6. trigger_error() C:\Users\romai\Local Sites\planty\app\public\wp-admin\includes\translation-install.php:68
[07-Nov-2022 16:28:01 UTC] PHP Parse error:  syntax error, unexpected end of file in C:\Users\romai\Local Sites\planty\app\public\wp-content\themes\blankslate-child\functions.php on line 35
[07-Nov-2022 16:28:01 UTC] PHP Parse error:  syntax error, unexpected end of file in C:\Users\romai\Local Sites\planty\app\public\wp-content\themes\blankslate-child\functions.php on line 35
[07-Nov-2022 16:28:01 UTC] PHP Parse error:  syntax error, unexpected end of file in C:\Users\romai\Local Sites\planty\app\public\wp-content\themes\blankslate-child\functions.php on line 35
[07-Nov-2022 21:01:52 UTC] PHP Fatal error:  Uncaught Error: Call to undefined function WprAddons\Modules\Forms\Widgets\wpforms_display() in C:\Users\romai\Local Sites\planty\app\public\wp-content\plugins\royal-elementor-addons\modules\forms\widgets\wpr-forms.php:2410
Stack trace:
#0 C:\Users\romai\Local Sites\planty\app\public\wp-content\plugins\royal-elementor-addons\modules\forms\widgets\wpr-forms.php(2437): WprAddons\Modules\Forms\Widgets\Wpr_Forms->render_wpforms_template(Array)
#1 C:\Users\romai\Local Sites\planty\app\public\wp-content\plugins\elementor\includes\base\controls-stack.php(2249): WprAddons\Modules\Forms\Widgets\Wpr_Forms->render()
#2 C:\Users\romai\Local Sites\planty\app\public\wp-content\plugins\elementor\includes\base\widget-base.php(609): Elementor\Controls_Stack->render_by_mode()
#3 C:\Users\romai\Local Sites\planty\app\public\wp-content\plugins\elementor\core\base\document.php(292): Elementor\Widget_Base->render_content()
#4 C:\Users\romai\Local Sites\planty\app\public\wp-content\plugins\elementor\includes\managers\widgets.php(42 in C:\Users\romai\Local Sites\planty\app\public\wp-content\plugins\royal-elementor-addons\modules\forms\widgets\wpr-forms.php on line 2410
[08-Nov-2022 14:42:03 UTC] PHP Parse error:  syntax error, unexpected '$output' (T_VARIABLE), expecting ')' in C:\Users\romai\Local Sites\planty\app\public\wp-content\themes\blankslate-child\functions.php on line 39
[08-Nov-2022 14:42:03 UTC] PHP Parse error:  syntax error, unexpected '$output' (T_VARIABLE), expecting ')' in C:\Users\romai\Local Sites\planty\app\public\wp-content\themes\blankslate-child\functions.php on line 39
[08-Nov-2022 14:42:10 UTC] PHP Parse error:  syntax error, unexpected '$output' (T_VARIABLE), expecting ')' in C:\Users\romai\Local Sites\planty\app\public\wp-content\themes\blankslate-child\functions.php on line 39
[08-Nov-2022 14:42:10 UTC] PHP Parse error:  syntax error, unexpected '$output' (T_VARIABLE), expecting ')' in C:\Users\romai\Local Sites\planty\app\public\wp-content\themes\blankslate-child\functions.php on line 39
[08-Nov-2022 14:42:11 UTC] PHP Parse error:  syntax error, unexpected '$output' (T_VARIABLE), expecting ')' in C:\Users\romai\Local Sites\planty\app\public\wp-content\themes\blankslate-child\functions.php on line 39
[08-Nov-2022 14:42:11 UTC] PHP Parse error:  syntax error, unexpected '$output' (T_VARIABLE), expecting ')' in C:\Users\romai\Local Sites\planty\app\public\wp-content\themes\blankslate-child\functions.php on line 39
[08-Nov-2022 14:42:26 UTC] PHP Parse error:  syntax error, unexpected '$output' (T_VARIABLE), expecting ')' in C:\Users\romai\Local Sites\planty\app\public\wp-content\themes\blankslate-child\functions.php on line 40
[08-Nov-2022 14:42:26 UTC] PHP Parse error:  syntax error, unexpected '$output' (T_VARIABLE), expecting ')' in C:\Users\romai\Local Sites\planty\app\public\wp-content\themes\blankslate-child\functions.php on line 40
[08-Nov-2022 14:42:56 UTC] PHP Parse error:  syntax error, unexpected '$output' (T_VARIABLE), expecting ')' in C:\Users\romai\Local Sites\planty\app\public\wp-content\themes\blankslate-child\functions.php on line 40
[08-Nov-2022 14:43:44 UTC] PHP Parse error:  syntax error, unexpected '$output' (T_VARIABLE), expecting ')' in C:\Users\romai\Local Sites\planty\app\public\wp-content\themes\blankslate-child\functions.php on line 40
[08-Nov-2022 14:43:44 UTC] PHP Parse error:  syntax error, unexpected '$output' (T_VARIABLE), expecting ')' in C:\Users\romai\Local Sites\planty\app\public\wp-content\themes\blankslate-child\functions.php on line 40
[08-Nov-2022 14:43:46 UTC] PHP Parse error:  syntax error, unexpected '$output' (T_VARIABLE), expecting ')' in C:\Users\romai\Local Sites\planty\app\public\wp-content\themes\blankslate-child\functions.php on line 40
[08-Nov-2022 14:43:46 UTC] PHP Parse error:  syntax error, unexpected '$output' (T_VARIABLE), expecting ')' in C:\Users\romai\Local Sites\planty\app\public\wp-content\themes\blankslate-child\functions.php on line 40
[08-Nov-2022 14:43:48 UTC] PHP Parse error:  syntax error, unexpected '$output' (T_VARIABLE), expecting ')' in C:\Users\romai\Local Sites\planty\app\public\wp-content\themes\blankslate-child\functions.php on line 40
[08-Nov-2022 14:43:49 UTC] PHP Parse error:  syntax error, unexpected '$output' (T_VARIABLE), expecting ')' in C:\Users\romai\Local Sites\planty\app\public\wp-content\themes\blankslate-child\functions.php on line 40
[08-Nov-2022 14:43:57 UTC] PHP Parse error:  syntax error, unexpected '$output' (T_VARIABLE), expecting ')' in C:\Users\romai\Local Sites\planty\app\public\wp-content\themes\blankslate-child\functions.php on line 40
[08-Nov-2022 15:57:19 UTC] PHP Warning:  Invalid argument supplied for foreach() in C:\Users\romai\Local Sites\planty\app\public\wp-admin\includes\plugin.php on line 1780
[08-Nov-2022 15:57:19 UTC] PHP Stack trace:
[08-Nov-2022 15:57:19 UTC] PHP   1. {main}() C:\Users\romai\Local Sites\planty\app\public\index.php:0
[08-Nov-2022 15:57:19 UTC] PHP   2. require() C:\Users\romai\Local Sites\planty\app\public\index.php:17
[08-Nov-2022 15:57:19 UTC] PHP   3. require_once() C:\Users\romai\Local Sites\planty\app\public\wp-blog-header.php:13
[08-Nov-2022 15:57:19 UTC] PHP   4. require_once() C:\Users\romai\Local Sites\planty\app\public\wp-load.php:50
[08-Nov-2022 15:57:19 UTC] PHP   5. require_once() C:\Users\romai\Local Sites\planty\app\public\wp-config.php:91
[08-Nov-2022 15:57:19 UTC] PHP   6. include() C:\Users\romai\Local Sites\planty\app\public\wp-settings.php:585
[08-Nov-2022 15:57:19 UTC] PHP   7. remove_menu_page() C:\Users\romai\Local Sites\planty\app\public\wp-content\themes\blankslate-child\functions.php:40
[08-Nov-2022 15:57:19 UTC] PHP Warning:  Invalid argument supplied for foreach() in C:\Users\romai\Local Sites\planty\app\public\wp-admin\includes\plugin.php on line 1780
[08-Nov-2022 15:57:19 UTC] PHP Stack trace:
[08-Nov-2022 15:57:19 UTC] PHP   1. {main}() C:\Users\romai\Local Sites\planty\app\public\wp-cron.php:0
[08-Nov-2022 15:57:19 UTC] PHP   2. require_once() C:\Users\romai\Local Sites\planty\app\public\wp-cron.php:46
[08-Nov-2022 15:57:19 UTC] PHP   3. require_once() C:\Users\romai\Local Sites\planty\app\public\wp-load.php:50
[08-Nov-2022 15:57:19 UTC] PHP   4. require_once() C:\Users\romai\Local Sites\planty\app\public\wp-config.php:91
[08-Nov-2022 15:57:19 UTC] PHP   5. include() C:\Users\romai\Local Sites\planty\app\public\wp-settings.php:585
[08-Nov-2022 15:57:19 UTC] PHP   6. remove_menu_page() C:\Users\romai\Local Sites\planty\app\public\wp-content\themes\blankslate-child\functions.php:40
[08-Nov-2022 15:57:20 UTC] PHP Warning:  Invalid argument supplied for foreach() in C:\Users\romai\Local Sites\planty\app\public\wp-admin\includes\plugin.php on line 1780
[08-Nov-2022 15:57:20 UTC] PHP Stack trace:
[08-Nov-2022 15:57:20 UTC] PHP   1. {main}() C:\Users\romai\Local Sites\planty\app\public\index.php:0
[08-Nov-2022 15:57:20 UTC] PHP   2. require() C:\Users\romai\Local Sites\planty\app\public\index.php:17
[08-Nov-2022 15:57:20 UTC] PHP   3. require_once() C:\Users\romai\Local Sites\planty\app\public\wp-blog-header.php:13
[08-Nov-2022 15:57:20 UTC] PHP   4. require_once() C:\Users\romai\Local Sites\planty\app\public\wp-load.php:50
[08-Nov-2022 15:57:20 UTC] PHP   5. require_once() C:\Users\romai\Local Sites\planty\app\public\wp-config.php:91
[08-Nov-2022 15:57:20 UTC] PHP   6. include() C:\Users\romai\Local Sites\planty\app\public\wp-settings.php:585
[08-Nov-2022 15:57:20 UTC] PHP   7. remove_menu_page() C:\Users\romai\Local Sites\planty\app\public\wp-content\themes\blankslate-child\functions.php:40
[08-Nov-2022 15:57:28 UTC] PHP Warning:  Invalid argument supplied for foreach() in C:\Users\romai\Local Sites\planty\app\public\wp-admin\includes\plugin.php on line 1780
[08-Nov-2022 15:57:28 UTC] PHP Stack trace:
[08-Nov-2022 15:57:28 UTC] PHP   1. {main}() C:\Users\romai\Local Sites\planty\app\public\wp-admin\admin-ajax.php:0
[08-Nov-2022 15:57:28 UTC] PHP   2. require_once() C:\Users\romai\Local Sites\planty\app\public\wp-admin\admin-ajax.php:22
[08-Nov-2022 15:57:28 UTC] PHP   3. require_once() C:\Users\romai\Local Sites\planty\app\public\wp-load.php:50
[08-Nov-2022 15:57:28 UTC] PHP   4. require_once() C:\Users\romai\Local Sites\planty\app\public\wp-config.php:91
[08-Nov-2022 15:57:28 UTC] PHP   5. include() C:\Users\romai\Local Sites\planty\app\public\wp-settings.php:585
[08-Nov-2022 15:57:28 UTC] PHP   6. remove_menu_page() C:\Users\romai\Local Sites\planty\app\public\wp-content\themes\blankslate-child\functions.php:40
[08-Nov-2022 15:57:41 UTC] PHP Warning:  Invalid argument supplied for foreach() in C:\Users\romai\Local Sites\planty\app\public\wp-admin\includes\plugin.php on line 1780
[08-Nov-2022 15:57:41 UTC] PHP Stack trace:
[08-Nov-2022 15:57:41 UTC] PHP   1. {main}() C:\Users\romai\Local Sites\planty\app\public\index.php:0
[08-Nov-2022 15:57:41 UTC] PHP   2. require() C:\Users\romai\Local Sites\planty\app\public\index.php:17
[08-Nov-2022 15:57:41 UTC] PHP   3. require_once() C:\Users\romai\Local Sites\planty\app\public\wp-blog-header.php:13
[08-Nov-2022 15:57:41 UTC] PHP   4. require_once() C:\Users\romai\Local Sites\planty\app\public\wp-load.php:50
[08-Nov-2022 15:57:41 UTC] PHP   5. require_once() C:\Users\romai\Local Sites\planty\app\public\wp-config.php:91
[08-Nov-2022 15:57:41 UTC] PHP   6. include() C:\Users\romai\Local Sites\planty\app\public\wp-settings.php:585
[08-Nov-2022 15:57:41 UTC] PHP   7. remove_menu_page() C:\Users\romai\Local Sites\planty\app\public\wp-content\themes\blankslate-child\functions.php:40
[08-Nov-2022 15:57:42 UTC] PHP Warning:  Invalid argument supplied for foreach() in C:\Users\romai\Local Sites\planty\app\public\wp-admin\includes\plugin.php on line 1780
[08-Nov-2022 15:57:42 UTC] PHP Stack trace:
[08-Nov-2022 15:57:42 UTC] PHP   1. {main}() C:\Users\romai\Local Sites\planty\app\public\index.php:0
[08-Nov-2022 15:57:42 UTC] PHP   2. require() C:\Users\romai\Local Sites\planty\app\public\index.php:17
[08-Nov-2022 15:57:42 UTC] PHP   3. require_once() C:\Users\romai\Local Sites\planty\app\public\wp-blog-header.php:13
[08-Nov-2022 15:57:42 UTC] PHP   4. require_once() C:\Users\romai\Local Sites\planty\app\public\wp-load.php:50
[08-Nov-2022 15:57:42 UTC] PHP   5. require_once() C:\Users\romai\Local Sites\planty\app\public\wp-config.php:91
[08-Nov-2022 15:57:42 UTC] PHP   6. include() C:\Users\romai\Local Sites\planty\app\public\wp-settings.php:585
[08-Nov-2022 15:57:42 UTC] PHP   7. remove_menu_page() C:\Users\romai\Local Sites\planty\app\public\wp-content\themes\blankslate-child\functions.php:40
[08-Nov-2022 15:58:55 UTC] PHP Warning:  Invalid argument supplied for foreach() in C:\Users\romai\Local Sites\planty\app\public\wp-admin\includes\plugin.php on line 1780
[08-Nov-2022 15:58:55 UTC] PHP Stack trace:
[08-Nov-2022 15:58:55 UTC] PHP   1. {main}() C:\Users\romai\Local Sites\planty\app\public\index.php:0
[08-Nov-2022 15:58:55 UTC] PHP   2. require() C:\Users\romai\Local Sites\planty\app\public\index.php:17
[08-Nov-2022 15:58:55 UTC] PHP   3. require_once() C:\Users\romai\Local Sites\planty\app\public\wp-blog-header.php:13
[08-Nov-2022 15:58:55 UTC] PHP   4. require_once() C:\Users\romai\Local Sites\planty\app\public\wp-load.php:50
[08-Nov-2022 15:58:55 UTC] PHP   5. require_once() C:\Users\romai\Local Sites\planty\app\public\wp-config.php:91
[08-Nov-2022 15:58:55 UTC] PHP   6. include() C:\Users\romai\Local Sites\planty\app\public\wp-settings.php:585
[08-Nov-2022 15:58:55 UTC] PHP   7. remove_menu_page() C:\Users\romai\Local Sites\planty\app\public\wp-content\themes\blankslate-child\functions.php:40
[08-Nov-2022 15:58:56 UTC] PHP Warning:  Invalid argument supplied for foreach() in C:\Users\romai\Local Sites\planty\app\public\wp-admin\includes\plugin.php on line 1780
[08-Nov-2022 15:58:56 UTC] PHP Stack trace:
[08-Nov-2022 15:58:56 UTC] PHP   1. {main}() C:\Users\romai\Local Sites\planty\app\public\wp-cron.php:0
[08-Nov-2022 15:58:56 UTC] PHP   2. require_once() C:\Users\romai\Local Sites\planty\app\public\wp-cron.php:46
[08-Nov-2022 15:58:56 UTC] PHP   3. require_once() C:\Users\romai\Local Sites\planty\app\public\wp-load.php:50
[08-Nov-2022 15:58:56 UTC] PHP   4. require_once() C:\Users\romai\Local Sites\planty\app\public\wp-config.php:91
[08-Nov-2022 15:58:56 UTC] PHP   5. include() C:\Users\romai\Local Sites\planty\app\public\wp-settings.php:585
[08-Nov-2022 15:58:56 UTC] PHP   6. remove_menu_page() C:\Users\romai\Local Sites\planty\app\public\wp-content\themes\blankslate-child\functions.php:40
[08-Nov-2022 15:58:57 UTC] PHP Warning:  Invalid argument supplied for foreach() in C:\Users\romai\Local Sites\planty\app\public\wp-admin\includes\plugin.php on line 1780
[08-Nov-2022 15:58:57 UTC] PHP Stack trace:
[08-Nov-2022 15:58:57 UTC] PHP   1. {main}() C:\Users\romai\Local Sites\planty\app\public\index.php:0
[08-Nov-2022 15:58:57 UTC] PHP   2. require() C:\Users\romai\Local Sites\planty\app\public\index.php:17
[08-Nov-2022 15:58:57 UTC] PHP   3. require_once() C:\Users\romai\Local Sites\planty\app\public\wp-blog-header.php:13
[08-Nov-2022 15:58:57 UTC] PHP   4. require_once() C:\Users\romai\Local Sites\planty\app\public\wp-load.php:50
[08-Nov-2022 15:58:57 UTC] PHP   5. require_once() C:\Users\romai\Local Sites\planty\app\public\wp-config.php:91
[08-Nov-2022 15:58:57 UTC] PHP   6. include() C:\Users\romai\Local Sites\planty\app\public\wp-settings.php:585
[08-Nov-2022 15:58:57 UTC] PHP   7. remove_menu_page() C:\Users\romai\Local Sites\planty\app\public\wp-content\themes\blankslate-child\functions.php:40
[08-Nov-2022 15:59:29 UTC] PHP Warning:  Invalid argument supplied for foreach() in C:\Users\romai\Local Sites\planty\app\public\wp-admin\includes\plugin.php on line 1780
[08-Nov-2022 15:59:29 UTC] PHP Stack trace:
[08-Nov-2022 15:59:29 UTC] PHP   1. {main}() C:\Users\romai\Local Sites\planty\app\public\wp-admin\admin-ajax.php:0
[08-Nov-2022 15:59:29 UTC] PHP   2. require_once() C:\Users\romai\Local Sites\planty\app\public\wp-admin\admin-ajax.php:22
[08-Nov-2022 15:59:29 UTC] PHP   3. require_once() C:\Users\romai\Local Sites\planty\app\public\wp-load.php:50
[08-Nov-2022 15:59:29 UTC] PHP   4. require_once() C:\Users\romai\Local Sites\planty\app\public\wp-config.php:91
[08-Nov-2022 15:59:29 UTC] PHP   5. include() C:\Users\romai\Local Sites\planty\app\public\wp-settings.php:585
[08-Nov-2022 15:59:29 UTC] PHP   6. remove_menu_page() C:\Users\romai\Local Sites\planty\app\public\wp-content\themes\blankslate-child\functions.php:40
[08-Nov-2022 15:59:29 UTC] PHP Warning:  Invalid argument supplied for foreach() in C:\Users\romai\Local Sites\planty\app\public\wp-admin\includes\plugin.php on line 1780
[08-Nov-2022 15:59:29 UTC] PHP Stack trace:
[08-Nov-2022 15:59:29 UTC] PHP   1. {main}() C:\Users\romai\Local Sites\planty\app\public\wp-cron.php:0
[08-Nov-2022 15:59:29 UTC] PHP   2. require_once() C:\Users\romai\Local Sites\planty\app\public\wp-cron.php:46
[08-Nov-2022 15:59:29 UTC] PHP   3. require_once() C:\Users\romai\Local Sites\planty\app\public\wp-load.php:50
[08-Nov-2022 15:59:29 UTC] PHP   4. require_once() C:\Users\romai\Local Sites\planty\app\public\wp-config.php:91
[08-Nov-2022 15:59:29 UTC] PHP   5. include() C:\Users\romai\Local Sites\planty\app\public\wp-settings.php:585
[08-Nov-2022 15:59:29 UTC] PHP   6. remove_menu_page() C:\Users\romai\Local Sites\planty\app\public\wp-content\themes\blankslate-child\functions.php:40
[08-Nov-2022 16:00:13 UTC] PHP Warning:  Invalid argument supplied for foreach() in C:\Users\romai\Local Sites\planty\app\public\wp-admin\includes\plugin.php on line 1780
[08-Nov-2022 16:00:13 UTC] PHP Stack trace:
[08-Nov-2022 16:00:13 UTC] PHP   1. {main}() C:\Users\romai\Local Sites\planty\app\public\wp-admin\admin-ajax.php:0
[08-Nov-2022 16:00:13 UTC] PHP   2. require_once() C:\Users\romai\Local Sites\planty\app\public\wp-admin\admin-ajax.php:22
[08-Nov-2022 16:00:13 UTC] PHP   3. require_once() C:\Users\romai\Local Sites\planty\app\public\wp-load.php:50
[08-Nov-2022 16:00:13 UTC] PHP   4. require_once() C:\Users\romai\Local Sites\planty\app\public\wp-config.php:91
[08-Nov-2022 16:00:13 UTC] PHP   5. include() C:\Users\romai\Local Sites\planty\app\public\wp-settings.php:585
[08-Nov-2022 16:00:13 UTC] PHP   6. remove_menu_page() C:\Users\romai\Local Sites\planty\app\public\wp-content\themes\blankslate-child\functions.php:40
[08-Nov-2022 16:04:19 UTC] PHP Warning:  Invalid argument supplied for foreach() in C:\Users\romai\Local Sites\planty\app\public\wp-admin\includes\plugin.php on line 1780
[08-Nov-2022 16:04:19 UTC] PHP Stack trace:
[08-Nov-2022 16:04:19 UTC] PHP   1. {main}() C:\Users\romai\Local Sites\planty\app\public\index.php:0
[08-Nov-2022 16:04:19 UTC] PHP   2. require() C:\Users\romai\Local Sites\planty\app\public\index.php:17
[08-Nov-2022 16:04:19 UTC] PHP   3. require_once() C:\Users\romai\Local Sites\planty\app\public\wp-blog-header.php:13
[08-Nov-2022 16:04:19 UTC] PHP   4. require_once() C:\Users\romai\Local Sites\planty\app\public\wp-load.php:50
[08-Nov-2022 16:04:19 UTC] PHP   5. require_once() C:\Users\romai\Local Sites\planty\app\public\wp-config.php:91
[08-Nov-2022 16:04:19 UTC] PHP   6. include() C:\Users\romai\Local Sites\planty\app\public\wp-settings.php:585
[08-Nov-2022 16:04:19 UTC] PHP   7. remove_menu_page() C:\Users\romai\Local Sites\planty\app\public\wp-content\themes\blankslate-child\functions.php:42
[08-Nov-2022 16:04:19 UTC] PHP Warning:  Invalid argument supplied for foreach() in C:\Users\romai\Local Sites\planty\app\public\wp-admin\includes\plugin.php on line 1780
[08-Nov-2022 16:04:19 UTC] PHP Stack trace:
[08-Nov-2022 16:04:19 UTC] PHP   1. {main}() C:\Users\romai\Local Sites\planty\app\public\wp-cron.php:0
[08-Nov-2022 16:04:19 UTC] PHP   2. require_once() C:\Users\romai\Local Sites\planty\app\public\wp-cron.php:46
[08-Nov-2022 16:04:19 UTC] PHP   3. require_once() C:\Users\romai\Local Sites\planty\app\public\wp-load.php:50
[08-Nov-2022 16:04:19 UTC] PHP   4. require_once() C:\Users\romai\Local Sites\planty\app\public\wp-config.php:91
[08-Nov-2022 16:04:19 UTC] PHP   5. include() C:\Users\romai\Local Sites\planty\app\public\wp-settings.php:585
[08-Nov-2022 16:04:19 UTC] PHP   6. remove_menu_page() C:\Users\romai\Local Sites\planty\app\public\wp-content\themes\blankslate-child\functions.php:42
[08-Nov-2022 16:04:20 UTC] PHP Warning:  Invalid argument supplied for foreach() in C:\Users\romai\Local Sites\planty\app\public\wp-admin\includes\plugin.php on line 1780
[08-Nov-2022 16:04:20 UTC] PHP Stack trace:
[08-Nov-2022 16:04:20 UTC] PHP   1. {main}() C:\Users\romai\Local Sites\planty\app\public\index.php:0
[08-Nov-2022 16:04:20 UTC] PHP   2. require() C:\Users\romai\Local Sites\planty\app\public\index.php:17
[08-Nov-2022 16:04:20 UTC] PHP   3. require_once() C:\Users\romai\Local Sites\planty\app\public\wp-blog-header.php:13
[08-Nov-2022 16:04:20 UTC] PHP   4. require_once() C:\Users\romai\Local Sites\planty\app\public\wp-load.php:50
[08-Nov-2022 16:04:20 UTC] PHP   5. require_once() C:\Users\romai\Local Sites\planty\app\public\wp-config.php:91
[08-Nov-2022 16:04:20 UTC] PHP   6. include() C:\Users\romai\Local Sites\planty\app\public\wp-settings.php:585
[08-Nov-2022 16:04:20 UTC] PHP   7. remove_menu_page() C:\Users\romai\Local Sites\planty\app\public\wp-content\themes\blankslate-child\functions.php:42
[08-Nov-2022 16:04:31 UTC] PHP Warning:  Invalid argument supplied for foreach() in C:\Users\romai\Local Sites\planty\app\public\wp-admin\includes\plugin.php on line 1780
[08-Nov-2022 16:04:31 UTC] PHP Stack trace:
[08-Nov-2022 16:04:31 UTC] PHP   1. {main}() C:\Users\romai\Local Sites\planty\app\public\index.php:0
[08-Nov-2022 16:04:31 UTC] PHP   2. require() C:\Users\romai\Local Sites\planty\app\public\index.php:17
[08-Nov-2022 16:04:31 UTC] PHP   3. require_once() C:\Users\romai\Local Sites\planty\app\public\wp-blog-header.php:13
[08-Nov-2022 16:04:31 UTC] PHP   4. require_once() C:\Users\romai\Local Sites\planty\app\public\wp-load.php:50
[08-Nov-2022 16:04:31 UTC] PHP   5. require_once() C:\Users\romai\Local Sites\planty\app\public\wp-config.php:91
[08-Nov-2022 16:04:31 UTC] PHP   6. include() C:\Users\romai\Local Sites\planty\app\public\wp-settings.php:585
[08-Nov-2022 16:04:31 UTC] PHP   7. remove_menu_page() C:\Users\romai\Local Sites\planty\app\public\wp-content\themes\blankslate-child\functions.php:42
[08-Nov-2022 16:04:32 UTC] PHP Warning:  Invalid argument supplied for foreach() in C:\Users\romai\Local Sites\planty\app\public\wp-admin\includes\plugin.php on line 1780
[08-Nov-2022 16:04:32 UTC] PHP Stack trace:
[08-Nov-2022 16:04:32 UTC] PHP   1. {main}() C:\Users\romai\Local Sites\planty\app\public\index.php:0
[08-Nov-2022 16:04:32 UTC] PHP   2. require() C:\Users\romai\Local Sites\planty\app\public\index.php:17
[08-Nov-2022 16:04:32 UTC] PHP   3. require_once() C:\Users\romai\Local Sites\planty\app\public\wp-blog-header.php:13
[08-Nov-2022 16:04:32 UTC] PHP   4. require_once() C:\Users\romai\Local Sites\planty\app\public\wp-load.php:50
[08-Nov-2022 16:04:32 UTC] PHP   5. require_once() C:\Users\romai\Local Sites\planty\app\public\wp-config.php:91
[08-Nov-2022 16:04:32 UTC] PHP   6. include() C:\Users\romai\Local Sites\planty\app\public\wp-settings.php:585
[08-Nov-2022 16:04:32 UTC] PHP   7. remove_menu_page() C:\Users\romai\Local Sites\planty\app\public\wp-content\themes\blankslate-child\functions.php:42
[08-Nov-2022 16:05:24 UTC] PHP Warning:  Invalid argument supplied for foreach() in C:\Users\romai\Local Sites\planty\app\public\wp-admin\includes\plugin.php on line 1780
[08-Nov-2022 16:05:24 UTC] PHP Stack trace:
[08-Nov-2022 16:05:24 UTC] PHP   1. {main}() C:\Users\romai\Local Sites\planty\app\public\wp-admin\admin-ajax.php:0
[08-Nov-2022 16:05:24 UTC] PHP   2. require_once() C:\Users\romai\Local Sites\planty\app\public\wp-admin\admin-ajax.php:22
[08-Nov-2022 16:05:24 UTC] PHP   3. require_once() C:\Users\romai\Local Sites\planty\app\public\wp-load.php:50
[08-Nov-2022 16:05:24 UTC] PHP   4. require_once() C:\Users\romai\Local Sites\planty\app\public\wp-config.php:91
[08-Nov-2022 16:05:24 UTC] PHP   5. include() C:\Users\romai\Local Sites\planty\app\public\wp-settings.php:585
[08-Nov-2022 16:05:24 UTC] PHP   6. remove_menu_page() C:\Users\romai\Local Sites\planty\app\public\wp-content\themes\blankslate-child\functions.php:42
[08-Nov-2022 16:05:24 UTC] PHP Warning:  Invalid argument supplied for foreach() in C:\Users\romai\Local Sites\planty\app\public\wp-admin\includes\plugin.php on line 1780
[08-Nov-2022 16:05:24 UTC] PHP Stack trace:
[08-Nov-2022 16:05:24 UTC] PHP   1. {main}() C:\Users\romai\Local Sites\planty\app\public\wp-cron.php:0
[08-Nov-2022 16:05:24 UTC] PHP   2. require_once() C:\Users\romai\Local Sites\planty\app\public\wp-cron.php:46
[08-Nov-2022 16:05:24 UTC] PHP   3. require_once() C:\Users\romai\Local Sites\planty\app\public\wp-load.php:50
[08-Nov-2022 16:05:24 UTC] PHP   4. require_once() C:\Users\romai\Local Sites\planty\app\public\wp-config.php:91
[08-Nov-2022 16:05:24 UTC] PHP   5. include() C:\Users\romai\Local Sites\planty\app\public\wp-settings.php:585
[08-Nov-2022 16:05:24 UTC] PHP   6. remove_menu_page() C:\Users\romai\Local Sites\planty\app\public\wp-content\themes\blankslate-child\functions.php:42
[08-Nov-2022 16:05:31 UTC] PHP Warning:  Invalid argument supplied for foreach() in C:\Users\romai\Local Sites\planty\app\public\wp-admin\includes\plugin.php on line 1780
[08-Nov-2022 16:05:31 UTC] PHP Stack trace:
[08-Nov-2022 16:05:31 UTC] PHP   1. {main}() C:\Users\romai\Local Sites\planty\app\public\index.php:0
[08-Nov-2022 16:05:31 UTC] PHP   2. require() C:\Users\romai\Local Sites\planty\app\public\index.php:17
[08-Nov-2022 16:05:31 UTC] PHP   3. require_once() C:\Users\romai\Local Sites\planty\app\public\wp-blog-header.php:13
[08-Nov-2022 16:05:31 UTC] PHP   4. require_once() C:\Users\romai\Local Sites\planty\app\public\wp-load.php:50
[08-Nov-2022 16:05:31 UTC] PHP   5. require_once() C:\Users\romai\Local Sites\planty\app\public\wp-config.php:91
[08-Nov-2022 16:05:31 UTC] PHP   6. include() C:\Users\romai\Local Sites\planty\app\public\wp-settings.php:585
[08-Nov-2022 16:05:31 UTC] PHP   7. remove_menu_page() C:\Users\romai\Local Sites\planty\app\public\wp-content\themes\blankslate-child\functions.php:42
[08-Nov-2022 16:05:32 UTC] PHP Warning:  Invalid argument supplied for foreach() in C:\Users\romai\Local Sites\planty\app\public\wp-admin\includes\plugin.php on line 1780
[08-Nov-2022 16:05:32 UTC] PHP Stack trace:
[08-Nov-2022 16:05:32 UTC] PHP   1. {main}() C:\Users\romai\Local Sites\planty\app\public\index.php:0
[08-Nov-2022 16:05:32 UTC] PHP   2. require() C:\Users\romai\Local Sites\planty\app\public\index.php:17
[08-Nov-2022 16:05:32 UTC] PHP   3. require_once() C:\Users\romai\Local Sites\planty\app\public\wp-blog-header.php:13
[08-Nov-2022 16:05:32 UTC] PHP   4. require_once() C:\Users\romai\Local Sites\planty\app\public\wp-load.php:50
[08-Nov-2022 16:05:32 UTC] PHP   5. require_once() C:\Users\romai\Local Sites\planty\app\public\wp-config.php:91
[08-Nov-2022 16:05:32 UTC] PHP   6. include() C:\Users\romai\Local Sites\planty\app\public\wp-settings.php:585
[08-Nov-2022 16:05:32 UTC] PHP   7. remove_menu_page() C:\Users\romai\Local Sites\planty\app\public\wp-content\themes\blankslate-child\functions.php:42
[08-Nov-2022 16:05:40 UTC] PHP Warning:  Invalid argument supplied for foreach() in C:\Users\romai\Local Sites\planty\app\public\wp-admin\includes\plugin.php on line 1780
[08-Nov-2022 16:05:40 UTC] PHP Stack trace:
[08-Nov-2022 16:05:40 UTC] PHP   1. {main}() C:\Users\romai\Local Sites\planty\app\public\wp-admin\admin-ajax.php:0
[08-Nov-2022 16:05:40 UTC] PHP   2. require_once() C:\Users\romai\Local Sites\planty\app\public\wp-admin\admin-ajax.php:22
[08-Nov-2022 16:05:40 UTC] PHP   3. require_once() C:\Users\romai\Local Sites\planty\app\public\wp-load.php:50
[08-Nov-2022 16:05:40 UTC] PHP   4. require_once() C:\Users\romai\Local Sites\planty\app\public\wp-config.php:91
[08-Nov-2022 16:05:40 UTC] PHP   5. include() C:\Users\romai\Local Sites\planty\app\public\wp-settings.php:585
[08-Nov-2022 16:05:40 UTC] PHP   6. remove_menu_page() C:\Users\romai\Local Sites\planty\app\public\wp-content\themes\blankslate-child\functions.php:42
[08-Nov-2022 16:15:51 UTC] PHP Parse error:  syntax error, unexpected 'get_current_user_role' (T_STRING), expecting '(' in C:\Users\romai\Local Sites\planty\app\public\wp-content\themes\blankslate-child\header.php on line 19
[08-Nov-2022 16:16:38 UTC] PHP Parse error:  syntax error, unexpected 'get_current_user_role' (T_STRING), expecting '(' in C:\Users\romai\Local Sites\planty\app\public\wp-content\themes\blankslate-child\header.php on line 19
[08-Nov-2022 16:16:41 UTC] PHP Parse error:  syntax error, unexpected 'get_current_user_role' (T_STRING), expecting '(' in C:\Users\romai\Local Sites\planty\app\public\wp-content\themes\blankslate-child\header.php on line 19
[08-Nov-2022 16:18:18 UTC] PHP Parse error:  syntax error, unexpected '!', expecting '(' in C:\Users\romai\Local Sites\planty\app\public\wp-content\themes\blankslate-child\header.php on line 19
[08-Nov-2022 16:18:46 UTC] PHP Parse error:  syntax error, unexpected 'get_current_user_role' (T_STRING), expecting '(' in C:\Users\romai\Local Sites\planty\app\public\wp-content\themes\blankslate-child\header.php on line 19
[08-Nov-2022 16:19:20 UTC] PHP Parse error:  syntax error, unexpected 'get_current_user_role' (T_STRING), expecting '(' in C:\Users\romai\Local Sites\planty\app\public\wp-content\themes\blankslate-child\header.php on line 19
[08-Nov-2022 16:22:06 UTC] PHP Parse error:  syntax error, unexpected 'get_current_user_role' (T_STRING), expecting '(' in C:\Users\romai\Local Sites\planty\app\public\wp-content\themes\blankslate-child\header.php on line 19
[08-Nov-2022 16:22:40 UTC] PHP Parse error:  syntax error, unexpected 'get_current_user_role' (T_STRING), expecting '(' in C:\Users\romai\Local Sites\planty\app\public\wp-content\themes\blankslate-child\header.php on line 20
[08-Nov-2022 16:23:32 UTC] PHP Parse error:  syntax error, unexpected '$user_role' (T_VARIABLE), expecting '(' in C:\Users\romai\Local Sites\planty\app\public\wp-content\themes\blankslate-child\header.php on line 20
[08-Nov-2022 16:31:27 UTC] PHP Parse error:  syntax error, unexpected 'echo' (T_ECHO) in C:\Users\romai\Local Sites\planty\app\public\wp-content\themes\blankslate-child\header.php on line 20
[08-Nov-2022 16:32:00 UTC] PHP Parse error:  syntax error, unexpected 'echo' (T_ECHO), expecting '(' in C:\Users\romai\Local Sites\planty\app\public\wp-content\themes\blankslate-child\header.php on line 20
[08-Nov-2022 16:32:28 UTC] PHP Parse error:  syntax error, unexpected 'echo' (T_ECHO), expecting '(' in C:\Users\romai\Local Sites\planty\app\public\wp-content\themes\blankslate-child\header.php on line 20
[08-Nov-2022 16:33:28 UTC] PHP Parse error:  syntax error, unexpected 'echo' (T_ECHO), expecting '(' in C:\Users\romai\Local Sites\planty\app\public\wp-content\themes\blankslate-child\header.php on line 20
[08-Nov-2022 16:33:29 UTC] PHP Parse error:  syntax error, unexpected 'echo' (T_ECHO), expecting '(' in C:\Users\romai\Local Sites\planty\app\public\wp-content\themes\blankslate-child\header.php on line 20
[08-Nov-2022 16:33:48 UTC] PHP Parse error:  syntax error, unexpected '$test_admin_user' (T_VARIABLE), expecting '(' in C:\Users\romai\Local Sites\planty\app\public\wp-content\themes\blankslate-child\header.php on line 20
[08-Nov-2022 16:33:50 UTC] PHP Parse error:  syntax error, unexpected '$test_admin_user' (T_VARIABLE), expecting '(' in C:\Users\romai\Local Sites\planty\app\public\wp-content\themes\blankslate-child\header.php on line 20
[08-Nov-2022 17:26:27 UTC] PHP Warning:  call_user_func_array() expects parameter 1 to be a valid callback, function 'add_admin_link' not found or invalid function name in C:\Users\romai\Local Sites\planty\app\public\wp-includes\class-wp-hook.php on line 308
[08-Nov-2022 17:26:27 UTC] PHP Stack trace:
[08-Nov-2022 17:26:27 UTC] PHP   1. {main}() C:\Users\romai\Local Sites\planty\app\public\index.php:0
[08-Nov-2022 17:26:27 UTC] PHP   2. require() C:\Users\romai\Local Sites\planty\app\public\index.php:17
[08-Nov-2022 17:26:27 UTC] PHP   3. require_once() C:\Users\romai\Local Sites\planty\app\public\wp-blog-header.php:19
[08-Nov-2022 17:26:27 UTC] PHP   4. include() C:\Users\romai\Local Sites\planty\app\public\wp-includes\template-loader.php:106
[08-Nov-2022 17:26:27 UTC] PHP   5. get_header() C:\Users\romai\Local Sites\planty\app\public\wp-content\plugins\elementor\modules\page-templates\templates\header-footer.php:9
[08-Nov-2022 17:26:27 UTC] PHP   6. locate_template() C:\Users\romai\Local Sites\planty\app\public\wp-includes\general-template.php:48
[08-Nov-2022 17:26:27 UTC] PHP   7. load_template() C:\Users\romai\Local Sites\planty\app\public\wp-includes\template.php:718
[08-Nov-2022 17:26:27 UTC] PHP   8. require_once() C:\Users\romai\Local Sites\planty\app\public\wp-includes\template.php:783
[08-Nov-2022 17:26:27 UTC] PHP   9. wp_nav_menu() C:\Users\romai\Local Sites\planty\app\public\wp-content\themes\blankslate-child\header.php:17
[08-Nov-2022 17:26:27 UTC] PHP  10. apply_filters() C:\Users\romai\Local Sites\planty\app\public\wp-includes\nav-menu-template.php:273
[08-Nov-2022 17:26:27 UTC] PHP  11. WP_Hook->apply_filters() C:\Users\romai\Local Sites\planty\app\public\wp-includes\plugin.php:205
[08-Nov-2022 17:26:27 UTC] PHP Warning:  call_user_func_array() expects parameter 1 to be a valid callback, function 'add_admin_link' not found or invalid function name in C:\Users\romai\Local Sites\planty\app\public\wp-includes\class-wp-hook.php on line 308
[08-Nov-2022 17:26:27 UTC] PHP Stack trace:
[08-Nov-2022 17:26:27 UTC] PHP   1. {main}() C:\Users\romai\Local Sites\planty\app\public\index.php:0
[08-Nov-2022 17:26:27 UTC] PHP   2. require() C:\Users\romai\Local Sites\planty\app\public\index.php:17
[08-Nov-2022 17:26:27 UTC] PHP   3. require_once() C:\Users\romai\Local Sites\planty\app\public\wp-blog-header.php:19
[08-Nov-2022 17:26:27 UTC] PHP   4. include() C:\Users\romai\Local Sites\planty\app\public\wp-includes\template-loader.php:106
[08-Nov-2022 17:26:27 UTC] PHP   5. get_header() C:\Users\romai\Local Sites\planty\app\public\wp-content\plugins\elementor\modules\page-templates\templates\header-footer.php:9
[08-Nov-2022 17:26:27 UTC] PHP   6. locate_template() C:\Users\romai\Local Sites\planty\app\public\wp-includes\general-template.php:48
[08-Nov-2022 17:26:27 UTC] PHP   7. load_template() C:\Users\romai\Local Sites\planty\app\public\wp-includes\template.php:718
[08-Nov-2022 17:26:27 UTC] PHP   8. require_once() C:\Users\romai\Local Sites\planty\app\public\wp-includes\template.php:783
[08-Nov-2022 17:26:27 UTC] PHP   9. wp_nav_menu() C:\Users\romai\Local Sites\planty\app\public\wp-content\themes\blankslate-child\header.php:18
[08-Nov-2022 17:26:27 UTC] PHP  10. apply_filters() C:\Users\romai\Local Sites\planty\app\public\wp-includes\nav-menu-template.php:273
[08-Nov-2022 17:26:27 UTC] PHP  11. WP_Hook->apply_filters() C:\Users\romai\Local Sites\planty\app\public\wp-includes\plugin.php:205
[08-Nov-2022 17:27:20 UTC] PHP Warning:  call_user_func_array() expects parameter 1 to be a valid callback, function 'add_admin_link' not found or invalid function name in C:\Users\romai\Local Sites\planty\app\public\wp-includes\class-wp-hook.php on line 308
[08-Nov-2022 17:27:20 UTC] PHP Stack trace:
[08-Nov-2022 17:27:20 UTC] PHP   1. {main}() C:\Users\romai\Local Sites\planty\app\public\index.php:0
[08-Nov-2022 17:27:20 UTC] PHP   2. require() C:\Users\romai\Local Sites\planty\app\public\index.php:17
[08-Nov-2022 17:27:20 UTC] PHP   3. require_once() C:\Users\romai\Local Sites\planty\app\public\wp-blog-header.php:19
[08-Nov-2022 17:27:20 UTC] PHP   4. include() C:\Users\romai\Local Sites\planty\app\public\wp-includes\template-loader.php:106
[08-Nov-2022 17:27:20 UTC] PHP   5. get_header() C:\Users\romai\Local Sites\planty\app\public\wp-content\plugins\elementor\modules\page-templates\templates\header-footer.php:9
[08-Nov-2022 17:27:20 UTC] PHP   6. locate_template() C:\Users\romai\Local Sites\planty\app\public\wp-includes\general-template.php:48
[08-Nov-2022 17:27:20 UTC] PHP   7. load_template() C:\Users\romai\Local Sites\planty\app\public\wp-includes\template.php:718
[08-Nov-2022 17:27:20 UTC] PHP   8. require_once() C:\Users\romai\Local Sites\planty\app\public\wp-includes\template.php:783
[08-Nov-2022 17:27:20 UTC] PHP   9. wp_nav_menu() C:\Users\romai\Local Sites\planty\app\public\wp-content\themes\blankslate-child\header.php:17
[08-Nov-2022 17:27:20 UTC] PHP  10. apply_filters() C:\Users\romai\Local Sites\planty\app\public\wp-includes\nav-menu-template.php:273
[08-Nov-2022 17:27:20 UTC] PHP  11. WP_Hook->apply_filters() C:\Users\romai\Local Sites\planty\app\public\wp-includes\plugin.php:205
[08-Nov-2022 17:27:20 UTC] PHP Warning:  call_user_func_array() expects parameter 1 to be a valid callback, function 'add_admin_link' not found or invalid function name in C:\Users\romai\Local Sites\planty\app\public\wp-includes\class-wp-hook.php on line 308
[08-Nov-2022 17:27:20 UTC] PHP Stack trace:
[08-Nov-2022 17:27:20 UTC] PHP   1. {main}() C:\Users\romai\Local Sites\planty\app\public\index.php:0
[08-Nov-2022 17:27:20 UTC] PHP   2. require() C:\Users\romai\Local Sites\planty\app\public\index.php:17
[08-Nov-2022 17:27:20 UTC] PHP   3. require_once() C:\Users\romai\Local Sites\planty\app\public\wp-blog-header.php:19
[08-Nov-2022 17:27:20 UTC] PHP   4. include() C:\Users\romai\Local Sites\planty\app\public\wp-includes\template-loader.php:106
[08-Nov-2022 17:27:20 UTC] PHP   5. get_header() C:\Users\romai\Local Sites\planty\app\public\wp-content\plugins\elementor\modules\page-templates\templates\header-footer.php:9
[08-Nov-2022 17:27:20 UTC] PHP   6. locate_template() C:\Users\romai\Local Sites\planty\app\public\wp-includes\general-template.php:48
[08-Nov-2022 17:27:20 UTC] PHP   7. load_template() C:\Users\romai\Local Sites\planty\app\public\wp-includes\template.php:718
[08-Nov-2022 17:27:20 UTC] PHP   8. require_once() C:\Users\romai\Local Sites\planty\app\public\wp-includes\template.php:783
[08-Nov-2022 17:27:20 UTC] PHP   9. wp_nav_menu() C:\Users\romai\Local Sites\planty\app\public\wp-content\themes\blankslate-child\header.php:18
[08-Nov-2022 17:27:20 UTC] PHP  10. apply_filters() C:\Users\romai\Local Sites\planty\app\public\wp-includes\nav-menu-template.php:273
[08-Nov-2022 17:27:20 UTC] PHP  11. WP_Hook->apply_filters() C:\Users\romai\Local Sites\planty\app\public\wp-includes\plugin.php:205
[08-Nov-2022 17:43:51 UTC] PHP Parse error:  syntax error, unexpected 'wp' (T_STRING) in C:\Users\romai\Local Sites\planty\app\public\wp-content\themes\blankslate-child\functions.php on line 5
[08-Nov-2022 17:43:51 UTC] PHP Parse error:  syntax error, unexpected 'wp' (T_STRING) in C:\Users\romai\Local Sites\planty\app\public\wp-content\themes\blankslate-child\functions.php on line 5
[08-Nov-2022 17:44:07 UTC] PHP Parse error:  syntax error, unexpected 'wp' (T_STRING) in C:\Users\romai\Local Sites\planty\app\public\wp-content\themes\blankslate-child\functions.php on line 5
[08-Nov-2022 17:44:07 UTC] PHP Parse error:  syntax error, unexpected 'wp' (T_STRING) in C:\Users\romai\Local Sites\planty\app\public\wp-content\themes\blankslate-child\functions.php on line 5
[08-Nov-2022 17:50:34 UTC] PHP Fatal error:  Uncaught Error: Call to undefined function apply_filter() in C:\Users\romai\Local Sites\planty\app\public\wp-content\themes\blankslate-child\functions.php:6
Stack trace:
#0 C:\Users\romai\Local Sites\planty\app\public\wp-settings.php(585): include()
#1 C:\Users\romai\Local Sites\planty\app\public\wp-config.php(91): require_once('C:\\Users\\romai\\...')
#2 C:\Users\romai\Local Sites\planty\app\public\wp-load.php(50): require_once('C:\\Users\\romai\\...')
#3 C:\Users\romai\Local Sites\planty\app\public\wp-admin\admin-ajax.php(22): require_once('C:\\Users\\romai\\...')
#4 {main}
  thrown in C:\Users\romai\Local Sites\planty\app\public\wp-content\themes\blankslate-child\functions.php on line 6
[08-Nov-2022 17:50:35 UTC] PHP Fatal error:  Uncaught Error: Call to undefined function apply_filter() in C:\Users\romai\Local Sites\planty\app\public\wp-content\themes\blankslate-child\functions.php:6
Stack trace:
#0 C:\Users\romai\Local Sites\planty\app\public\wp-settings.php(585): include()
#1 C:\Users\romai\Local Sites\planty\app\public\wp-config.php(91): require_once('C:\\Users\\romai\\...')
#2 C:\Users\romai\Local Sites\planty\app\public\wp-load.php(50): require_once('C:\\Users\\romai\\...')
#3 C:\Users\romai\Local Sites\planty\app\public\wp-blog-header.php(13): require_once('C:\\Users\\romai\\...')
#4 C:\Users\romai\Local Sites\planty\app\public\index.php(17): require('C:\\Users\\romai\\...')
#5 {main}
  thrown in C:\Users\romai\Local Sites\planty\app\public\wp-content\themes\blankslate-child\functions.php on line 6
[08-Nov-2022 17:50:35 UTC] PHP Fatal error:  Uncaught Error: Call to undefined function apply_filter() in C:\Users\romai\Local Sites\planty\app\public\wp-content\themes\blankslate-child\functions.php:6
Stack trace:
#0 C:\Users\romai\Local Sites\planty\app\public\wp-settings.php(585): include()
#1 C:\Users\romai\Local Sites\planty\app\public\wp-config.php(91): require_once('C:\\Users\\romai\\...')
#2 C:\Users\romai\Local Sites\planty\app\public\wp-load.php(50): require_once('C:\\Users\\romai\\...')
#3 C:\Users\romai\Local Sites\planty\app\public\wp-blog-header.php(13): require_once('C:\\Users\\romai\\...')
#4 C:\Users\romai\Local Sites\planty\app\public\index.php(17): require('C:\\Users\\romai\\...')
#5 {main}
  thrown in C:\Users\romai\Local Sites\planty\app\public\wp-content\themes\blankslate-child\functions.php on line 6
[08-Nov-2022 17:50:45 UTC] PHP Fatal error:  Uncaught Error: Call to undefined function apply_filter() in C:\Users\romai\Local Sites\planty\app\public\wp-content\themes\blankslate-child\functions.php:6
Stack trace:
#0 C:\Users\romai\Local Sites\planty\app\public\wp-settings.php(585): include()
#1 C:\Users\romai\Local Sites\planty\app\public\wp-config.php(91): require_once('C:\\Users\\romai\\...')
#2 C:\Users\romai\Local Sites\planty\app\public\wp-load.php(50): require_once('C:\\Users\\romai\\...')
#3 C:\Users\romai\Local Sites\planty\app\public\wp-blog-header.php(13): require_once('C:\\Users\\romai\\...')
#4 C:\Users\romai\Local Sites\planty\app\public\index.php(17): require('C:\\Users\\romai\\...')
#5 {main}
  thrown in C:\Users\romai\Local Sites\planty\app\public\wp-content\themes\blankslate-child\functions.php on line 6
[08-Nov-2022 17:50:45 UTC] PHP Fatal error:  Uncaught Error: Call to undefined function apply_filter() in C:\Users\romai\Local Sites\planty\app\public\wp-content\themes\blankslate-child\functions.php:6
Stack trace:
#0 C:\Users\romai\Local Sites\planty\app\public\wp-settings.php(585): include()
#1 C:\Users\romai\Local Sites\planty\app\public\wp-config.php(91): require_once('C:\\Users\\romai\\...')
#2 C:\Users\romai\Local Sites\planty\app\public\wp-load.php(50): require_once('C:\\Users\\romai\\...')
#3 C:\Users\romai\Local Sites\planty\app\public\wp-blog-header.php(13): require_once('C:\\Users\\romai\\...')
#4 C:\Users\romai\Local Sites\planty\app\public\index.php(17): require('C:\\Users\\romai\\...')
#5 {main}
  thrown in C:\Users\romai\Local Sites\planty\app\public\wp-content\themes\blankslate-child\functions.php on line 6
[08-Nov-2022 21:55:00 UTC] The Automattic\WooCommerce\Admin\API\Options::get_options function is deprecated since version 3.1.
[08-Nov-2022 21:55:00 UTC] The Automattic\WooCommerce\Admin\API\Options::get_options function is deprecated since version 3.1.
[08-Nov-2022 21:55:00 UTC] The Automattic\WooCommerce\Admin\API\Options::get_options function is deprecated since version 3.1.
[08-Nov-2022 21:55:00 UTC] The Automattic\WooCommerce\Admin\API\Options::get_options function is deprecated since version 3.1.
[08-Nov-2022 21:55:00 UTC] The Automattic\WooCommerce\Admin\API\Options::get_options function is deprecated since version 3.1.
[08-Nov-2022 21:55:00 UTC] The Automattic\WooCommerce\Admin\API\Options::get_options function is deprecated since version 3.1.
[11-Nov-2022 13:59:55 UTC] PHP Fatal error:  Uncaught ArgumentCountError: Too few arguments to function add_admin_link(), 1 passed in C:\Users\romai\Local Sites\planty\app\public\wp-includes\class-wp-hook.php on line 310 and exactly 2 expected in C:\Users\romai\Local Sites\planty\app\public\wp-content\themes\blankslate-child\functions.php:28
Stack trace:
#0 C:\Users\romai\Local Sites\planty\app\public\wp-includes\class-wp-hook.php(310): add_admin_link('<li id="menu-it...')
#1 C:\Users\romai\Local Sites\planty\app\public\wp-includes\plugin.php(205): WP_Hook->apply_filters('<li id="menu-it...', Array)
#2 C:\Users\romai\Local Sites\planty\app\public\wp-includes\nav-menu-template.php(273): apply_filters('wp_nav_menu_ite...', '<li id="menu-it...', Object(stdClass))
#3 C:\Users\romai\Local Sites\planty\app\public\wp-content\themes\blankslate-child\header.php(17): wp_nav_menu(Object(stdClass))
#4 C:\Users\romai\Local Sites\planty\app\public\wp-includes\template.php(783): require_once('C:\\Users\\romai\\...')
#5 C:\Users\romai\Local Sites\planty\app\public\wp-i in C:\Users\romai\Local Sites\planty\app\public\wp-content\themes\blankslate-child\functions.php on line 28
[11-Nov-2022 13:59:55 UTC] PHP Fatal error:  Uncaught ArgumentCountError: Too few arguments to function add_admin_link(), 1 passed in C:\Users\romai\Local Sites\planty\app\public\wp-includes\class-wp-hook.php on line 310 and exactly 2 expected in C:\Users\romai\Local Sites\planty\app\public\wp-content\themes\blankslate-child\functions.php:28
Stack trace:
#0 C:\Users\romai\Local Sites\planty\app\public\wp-includes\class-wp-hook.php(310): add_admin_link('<li id="menu-it...')
#1 C:\Users\romai\Local Sites\planty\app\public\wp-includes\plugin.php(205): WP_Hook->apply_filters('<li id="menu-it...', Array)
#2 C:\Users\romai\Local Sites\planty\app\public\wp-includes\nav-menu-template.php(273): apply_filters('wp_nav_menu_ite...', '<li id="menu-it...', Object(stdClass))
#3 C:\Users\romai\Local Sites\planty\app\public\wp-content\themes\blankslate-child\header.php(17): wp_nav_menu(Object(stdClass))
#4 C:\Users\romai\Local Sites\planty\app\public\wp-includes\template.php(783): require_once('C:\\Users\\romai\\...')
#5 C:\Users\romai\Local Sites\planty\app\public\wp-i in C:\Users\romai\Local Sites\planty\app\public\wp-content\themes\blankslate-child\functions.php on line 28
[11-Nov-2022 14:00:01 UTC] PHP Fatal error:  Uncaught ArgumentCountError: Too few arguments to function add_admin_link(), 1 passed in C:\Users\romai\Local Sites\planty\app\public\wp-includes\class-wp-hook.php on line 310 and exactly 2 expected in C:\Users\romai\Local Sites\planty\app\public\wp-content\themes\blankslate-child\functions.php:28
Stack trace:
#0 C:\Users\romai\Local Sites\planty\app\public\wp-includes\class-wp-hook.php(310): add_admin_link('<li id="menu-it...')
#1 C:\Users\romai\Local Sites\planty\app\public\wp-includes\plugin.php(205): WP_Hook->apply_filters('<li id="menu-it...', Array)
#2 C:\Users\romai\Local Sites\planty\app\public\wp-includes\nav-menu-template.php(273): apply_filters('wp_nav_menu_ite...', '<li id="menu-it...', Object(stdClass))
#3 C:\Users\romai\Local Sites\planty\app\public\wp-content\themes\blankslate-child\header.php(17): wp_nav_menu(Object(stdClass))
#4 C:\Users\romai\Local Sites\planty\app\public\wp-includes\template.php(783): require_once('C:\\Users\\romai\\...')
#5 C:\Users\romai\Local Sites\planty\app\public\wp-i in C:\Users\romai\Local Sites\planty\app\public\wp-content\themes\blankslate-child\functions.php on line 28
[17-Nov-2022 15:43:48 UTC] PHP Warning:  PHP Startup: Unable to load dynamic library 'php_imagick.dll' (tried: C:/Users/romai/AppData/Local/Programs/Local/resources/extraResources/lightning-services/php-7.4.1+18/bin/win64/ext\php_imagick.dll (Le module spécifié est introuvable.), C:/Users/romai/AppData/Local/Programs/Local/resources/extraResources/lightning-services/php-7.4.1+18/bin/win64/ext\php_php_imagick.dll.dll (Le module spécifié est introuvable.)) in Unknown on line 0
[17-Nov-2022 15:43:48 UTC] PHP Warning:  PHP Startup: Unable to load dynamic library 'php_imagick.dll' (tried: C:/Users/romai/AppData/Local/Programs/Local/resources/extraResources/lightning-services/php-7.4.1+18/bin/win64/ext\php_imagick.dll (Le module spécifié est introuvable.), C:/Users/romai/AppData/Local/Programs/Local/resources/extraResources/lightning-services/php-7.4.1+18/bin/win64/ext\php_php_imagick.dll.dll (Le module spécifié est introuvable.)) in Unknown on line 0
[17-Nov-2022 15:43:48 UTC] PHP Warning:  PHP Startup: Unable to load dynamic library 'php_imagick.dll' (tried: C:/Users/romai/AppData/Local/Programs/Local/resources/extraResources/lightning-services/php-7.4.1+18/bin/win64/ext\php_imagick.dll (Le module spécifié est introuvable.), C:/Users/romai/AppData/Local/Programs/Local/resources/extraResources/lightning-services/php-7.4.1+18/bin/win64/ext\php_php_imagick.dll.dll (Le module spécifié est introuvable.)) in Unknown on line 0
[17-Nov-2022 15:43:49 UTC] PHP Warning:  PHP Startup: Unable to load dynamic library 'php_imagick.dll' (tried: C:/Users/romai/AppData/Local/Programs/Local/resources/extraResources/lightning-services/php-7.4.1+18/bin/win64/ext\php_imagick.dll (Le module spécifié est introuvable.), C:/Users/romai/AppData/Local/Programs/Local/resources/extraResources/lightning-services/php-7.4.1+18/bin/win64/ext\php_php_imagick.dll.dll (Le module spécifié est introuvable.)) in Unknown on line 0
